<?xml version="1.0" encoding="UTF-8"?>
<testsuite xmlns:xsi="http://www.w3.org/2001/XMLSchema-instance" xsi:noNamespaceSchemaLocation="https://maven.apache.org/surefire/maven-surefire-plugin/xsd/surefire-test-report.xsd" name="com.zzf.demox.DemoxApplicationTests" time="4.15" tests="1" errors="0" skipped="0" failures="0">
  <properties>
    <property name="sun.desktop" value="windows"/>
    <property name="awt.toolkit" value="sun.awt.windows.WToolkit"/>
    <property name="file.encoding.pkg" value="sun.io"/>
    <property name="java.specification.version" value="1.8"/>
    <property name="sun.cpu.isalist" value="amd64"/>
    <property name="sun.jnu.encoding" value="GBK"/>
    <property name="java.class.path" value="F:\cccccccc\demox\target\test-classes;F:\cccccccc\demox\target\classes;D:\java\apache-maven-3.6.3\maven-repo\org\springframework\boot\spring-boot-starter-web\2.7.0\spring-boot-starter-web-2.7.0.jar;D:\java\apache-maven-3.6.3\maven-repo\org\springframework\boot\spring-boot-starter\2.7.0\spring-boot-starter-2.7.0.jar;D:\java\apache-maven-3.6.3\maven-repo\org\springframework\boot\spring-boot-starter-logging\2.7.0\spring-boot-starter-logging-2.7.0.jar;D:\java\apache-maven-3.6.3\maven-repo\ch\qos\logback\logback-classic\1.2.11\logback-classic-1.2.11.jar;D:\java\apache-maven-3.6.3\maven-repo\ch\qos\logback\logback-core\1.2.11\logback-core-1.2.11.jar;D:\java\apache-maven-3.6.3\maven-repo\org\apache\logging\log4j\log4j-to-slf4j\2.17.2\log4j-to-slf4j-2.17.2.jar;D:\java\apache-maven-3.6.3\maven-repo\org\apache\logging\log4j\log4j-api\2.17.2\log4j-api-2.17.2.jar;D:\java\apache-maven-3.6.3\maven-repo\org\slf4j\jul-to-slf4j\1.7.36\jul-to-slf4j-1.7.36.jar;D:\java\apache-maven-3.6.3\maven-repo\jakarta\annotation\jakarta.annotation-api\1.3.5\jakarta.annotation-api-1.3.5.jar;D:\java\apache-maven-3.6.3\maven-repo\org\yaml\snakeyaml\1.30\snakeyaml-1.30.jar;D:\java\apache-maven-3.6.3\maven-repo\org\springframework\boot\spring-boot-starter-json\2.7.0\spring-boot-starter-json-2.7.0.jar;D:\java\apache-maven-3.6.3\maven-repo\com\fasterxml\jackson\core\jackson-databind\2.13.3\jackson-databind-2.13.3.jar;D:\java\apache-maven-3.6.3\maven-repo\com\fasterxml\jackson\core\jackson-annotations\2.13.3\jackson-annotations-2.13.3.jar;D:\java\apache-maven-3.6.3\maven-repo\com\fasterxml\jackson\core\jackson-core\2.13.3\jackson-core-2.13.3.jar;D:\java\apache-maven-3.6.3\maven-repo\com\fasterxml\jackson\datatype\jackson-datatype-jdk8\2.13.3\jackson-datatype-jdk8-2.13.3.jar;D:\java\apache-maven-3.6.3\maven-repo\com\fasterxml\jackson\datatype\jackson-datatype-jsr310\2.13.3\jackson-datatype-jsr310-2.13.3.jar;D:\java\apache-maven-3.6.3\maven-repo\com\fasterxml\jackson\module\jackson-module-parameter-names\2.13.3\jackson-module-parameter-names-2.13.3.jar;D:\java\apache-maven-3.6.3\maven-repo\org\springframework\boot\spring-boot-starter-tomcat\2.7.0\spring-boot-starter-tomcat-2.7.0.jar;D:\java\apache-maven-3.6.3\maven-repo\org\apache\tomcat\embed\tomcat-embed-core\9.0.63\tomcat-embed-core-9.0.63.jar;D:\java\apache-maven-3.6.3\maven-repo\org\apache\tomcat\embed\tomcat-embed-el\9.0.63\tomcat-embed-el-9.0.63.jar;D:\java\apache-maven-3.6.3\maven-repo\org\apache\tomcat\embed\tomcat-embed-websocket\9.0.63\tomcat-embed-websocket-9.0.63.jar;D:\java\apache-maven-3.6.3\maven-repo\org\springframework\spring-web\5.3.20\spring-web-5.3.20.jar;D:\java\apache-maven-3.6.3\maven-repo\org\springframework\spring-beans\5.3.20\spring-beans-5.3.20.jar;D:\java\apache-maven-3.6.3\maven-repo\org\springframework\spring-webmvc\5.3.20\spring-webmvc-5.3.20.jar;D:\java\apache-maven-3.6.3\maven-repo\org\springframework\spring-aop\5.3.20\spring-aop-5.3.20.jar;D:\java\apache-maven-3.6.3\maven-repo\org\springframework\spring-context\5.3.20\spring-context-5.3.20.jar;D:\java\apache-maven-3.6.3\maven-repo\org\springframework\spring-expression\5.3.20\spring-expression-5.3.20.jar;D:\java\apache-maven-3.6.3\maven-repo\org\springframework\boot\spring-boot-devtools\2.7.0\spring-boot-devtools-2.7.0.jar;D:\java\apache-maven-3.6.3\maven-repo\org\springframework\boot\spring-boot\2.7.0\spring-boot-2.7.0.jar;D:\java\apache-maven-3.6.3\maven-repo\org\springframework\boot\spring-boot-autoconfigure\2.7.0\spring-boot-autoconfigure-2.7.0.jar;D:\java\apache-maven-3.6.3\maven-repo\mysql\mysql-connector-java\8.0.29\mysql-connector-java-8.0.29.jar;D:\java\apache-maven-3.6.3\maven-repo\org\projectlombok\lombok\1.18.24\lombok-1.18.24.jar;D:\java\apache-maven-3.6.3\maven-repo\org\springframework\boot\spring-boot-starter-test\2.7.0\spring-boot-starter-test-2.7.0.jar;D:\java\apache-maven-3.6.3\maven-repo\org\springframework\boot\spring-boot-test\2.7.0\spring-boot-test-2.7.0.jar;D:\java\apache-maven-3.6.3\maven-repo\org\springframework\boot\spring-boot-test-autoconfigure\2.7.0\spring-boot-test-autoconfigure-2.7.0.jar;D:\java\apache-maven-3.6.3\maven-repo\com\jayway\jsonpath\json-path\2.7.0\json-path-2.7.0.jar;D:\java\apache-maven-3.6.3\maven-repo\net\minidev\json-smart\2.4.8\json-smart-2.4.8.jar;D:\java\apache-maven-3.6.3\maven-repo\net\minidev\accessors-smart\2.4.8\accessors-smart-2.4.8.jar;D:\java\apache-maven-3.6.3\maven-repo\org\ow2\asm\asm\9.1\asm-9.1.jar;D:\java\apache-maven-3.6.3\maven-repo\jakarta\xml\bind\jakarta.xml.bind-api\2.3.3\jakarta.xml.bind-api-2.3.3.jar;D:\java\apache-maven-3.6.3\maven-repo\jakarta\activation\jakarta.activation-api\1.2.2\jakarta.activation-api-1.2.2.jar;D:\java\apache-maven-3.6.3\maven-repo\org\assertj\assertj-core\3.22.0\assertj-core-3.22.0.jar;D:\java\apache-maven-3.6.3\maven-repo\org\hamcrest\hamcrest\2.2\hamcrest-2.2.jar;D:\java\apache-maven-3.6.3\maven-repo\org\junit\jupiter\junit-jupiter\5.8.2\junit-jupiter-5.8.2.jar;D:\java\apache-maven-3.6.3\maven-repo\org\junit\jupiter\junit-jupiter-api\5.8.2\junit-jupiter-api-5.8.2.jar;D:\java\apache-maven-3.6.3\maven-repo\org\opentest4j\opentest4j\1.2.0\opentest4j-1.2.0.jar;D:\java\apache-maven-3.6.3\maven-repo\org\junit\platform\junit-platform-commons\1.8.2\junit-platform-commons-1.8.2.jar;D:\java\apache-maven-3.6.3\maven-repo\org\apiguardian\apiguardian-api\1.1.2\apiguardian-api-1.1.2.jar;D:\java\apache-maven-3.6.3\maven-repo\org\junit\jupiter\junit-jupiter-params\5.8.2\junit-jupiter-params-5.8.2.jar;D:\java\apache-maven-3.6.3\maven-repo\org\junit\jupiter\junit-jupiter-engine\5.8.2\junit-jupiter-engine-5.8.2.jar;D:\java\apache-maven-3.6.3\maven-repo\org\junit\platform\junit-platform-engine\1.8.2\junit-platform-engine-1.8.2.jar;D:\java\apache-maven-3.6.3\maven-repo\org\mockito\mockito-core\4.5.1\mockito-core-4.5.1.jar;D:\java\apache-maven-3.6.3\maven-repo\net\bytebuddy\byte-buddy\1.12.10\byte-buddy-1.12.10.jar;D:\java\apache-maven-3.6.3\maven-repo\net\bytebuddy\byte-buddy-agent\1.12.10\byte-buddy-agent-1.12.10.jar;D:\java\apache-maven-3.6.3\maven-repo\org\objenesis\objenesis\3.2\objenesis-3.2.jar;D:\java\apache-maven-3.6.3\maven-repo\org\mockito\mockito-junit-jupiter\4.5.1\mockito-junit-jupiter-4.5.1.jar;D:\java\apache-maven-3.6.3\maven-repo\org\skyscreamer\jsonassert\1.5.0\jsonassert-1.5.0.jar;D:\java\apache-maven-3.6.3\maven-repo\com\vaadin\external\google\android-json\0.0.20131108.vaadin1\android-json-0.0.20131108.vaadin1.jar;D:\java\apache-maven-3.6.3\maven-repo\org\springframework\spring-core\5.3.20\spring-core-5.3.20.jar;D:\java\apache-maven-3.6.3\maven-repo\org\springframework\spring-jcl\5.3.20\spring-jcl-5.3.20.jar;D:\java\apache-maven-3.6.3\maven-repo\org\springframework\spring-test\5.3.20\spring-test-5.3.20.jar;D:\java\apache-maven-3.6.3\maven-repo\org\xmlunit\xmlunit-core\2.9.0\xmlunit-core-2.9.0.jar;D:\java\apache-maven-3.6.3\maven-repo\com\baomidou\mybatis-plus-boot-starter\3.5.2\mybatis-plus-boot-starter-3.5.2.jar;D:\java\apache-maven-3.6.3\maven-repo\com\baomidou\mybatis-plus\3.5.2\mybatis-plus-3.5.2.jar;D:\java\apache-maven-3.6.3\maven-repo\com\baomidou\mybatis-plus-extension\3.5.2\mybatis-plus-extension-3.5.2.jar;D:\java\apache-maven-3.6.3\maven-repo\com\baomidou\mybatis-plus-core\3.5.2\mybatis-plus-core-3.5.2.jar;D:\java\apache-maven-3.6.3\maven-repo\com\baomidou\mybatis-plus-annotation\3.5.2\mybatis-plus-annotation-3.5.2.jar;D:\java\apache-maven-3.6.3\maven-repo\com\github\jsqlparser\jsqlparser\4.4\jsqlparser-4.4.jar;D:\java\apache-maven-3.6.3\maven-repo\org\mybatis\mybatis\3.5.10\mybatis-3.5.10.jar;D:\java\apache-maven-3.6.3\maven-repo\org\mybatis\mybatis-spring\2.0.7\mybatis-spring-2.0.7.jar;D:\java\apache-maven-3.6.3\maven-repo\org\jetbrains\kotlin\kotlin-stdlib-jdk8\1.6.21\kotlin-stdlib-jdk8-1.6.21.jar;D:\java\apache-maven-3.6.3\maven-repo\org\jetbrains\kotlin\kotlin-stdlib\1.6.21\kotlin-stdlib-1.6.21.jar;D:\java\apache-maven-3.6.3\maven-repo\org\jetbrains\kotlin\kotlin-stdlib-common\1.6.21\kotlin-stdlib-common-1.6.21.jar;D:\java\apache-maven-3.6.3\maven-repo\org\jetbrains\annotations\13.0\annotations-13.0.jar;D:\java\apache-maven-3.6.3\maven-repo\org\jetbrains\kotlin\kotlin-stdlib-jdk7\1.6.21\kotlin-stdlib-jdk7-1.6.21.jar;D:\java\apache-maven-3.6.3\maven-repo\org\springframework\boot\spring-boot-starter-jdbc\2.7.0\spring-boot-starter-jdbc-2.7.0.jar;D:\java\apache-maven-3.6.3\maven-repo\com\zaxxer\HikariCP\4.0.3\HikariCP-4.0.3.jar;D:\java\apache-maven-3.6.3\maven-repo\org\springframework\spring-jdbc\5.3.20\spring-jdbc-5.3.20.jar;D:\java\apache-maven-3.6.3\maven-repo\org\springframework\spring-tx\5.3.20\spring-tx-5.3.20.jar;D:\java\apache-maven-3.6.3\maven-repo\com\baomidou\mybatis-plus-generator\3.5.2\mybatis-plus-generator-3.5.2.jar;D:\java\apache-maven-3.6.3\maven-repo\org\apache\velocity\velocity-engine-core\2.3\velocity-engine-core-2.3.jar;D:\java\apache-maven-3.6.3\maven-repo\org\apache\commons\commons-lang3\3.12.0\commons-lang3-3.12.0.jar;D:\java\apache-maven-3.6.3\maven-repo\org\slf4j\slf4j-api\1.7.36\slf4j-api-1.7.36.jar;D:\java\apache-maven-3.6.3\maven-repo\org\springframework\boot\spring-boot-starter-thymeleaf\2.7.0\spring-boot-starter-thymeleaf-2.7.0.jar;D:\java\apache-maven-3.6.3\maven-repo\org\thymeleaf\thymeleaf-spring5\3.0.15.RELEASE\thymeleaf-spring5-3.0.15.RELEASE.jar;D:\java\apache-maven-3.6.3\maven-repo\org\thymeleaf\thymeleaf\3.0.15.RELEASE\thymeleaf-3.0.15.RELEASE.jar;D:\java\apache-maven-3.6.3\maven-repo\org\attoparser\attoparser\2.0.5.RELEASE\attoparser-2.0.5.RELEASE.jar;D:\java\apache-maven-3.6.3\maven-repo\org\unbescape\unbescape\1.1.6.RELEASE\unbescape-1.1.6.RELEASE.jar;D:\java\apache-maven-3.6.3\maven-repo\org\thymeleaf\extras\thymeleaf-extras-java8time\3.0.4.RELEASE\thymeleaf-extras-java8time-3.0.4.RELEASE.jar;"/>
    <property name="java.vm.vendor" value="Amazon.com Inc."/>
    <property name="sun.arch.data.model" value="64"/>
    <property name="user.variant" value=""/>
    <property name="java.vendor.url" value="https://aws.amazon.com/corretto/"/>
    <property name="user.timezone" value="Asia/Shanghai"/>
    <property name="java.vm.specification.version" value="1.8"/>
    <property name="os.name" value="Windows 10"/>
    <property name="user.country" value="CN"/>
    <property name="sun.java.launcher" value="SUN_STANDARD"/>
    <property name="sun.boot.library.path" value="D:\Java\jdk1.8\jre\bin"/>
    <property name="sun.java.command" value="D:\temp\User\surefire842643527675584293\surefirebooter4436928674560998143.jar D:\temp\User\surefire842643527675584293 2022-06-28T15-34-53_705-jvmRun1 surefire5600835179182897260tmp surefire_06095838788956968183tmp"/>
    <property name="surefire.test.class.path" value="F:\cccccccc\demox\target\test-classes;F:\cccccccc\demox\target\classes;D:\java\apache-maven-3.6.3\maven-repo\org\springframework\boot\spring-boot-starter-web\2.7.0\spring-boot-starter-web-2.7.0.jar;D:\java\apache-maven-3.6.3\maven-repo\org\springframework\boot\spring-boot-starter\2.7.0\spring-boot-starter-2.7.0.jar;D:\java\apache-maven-3.6.3\maven-repo\org\springframework\boot\spring-boot-starter-logging\2.7.0\spring-boot-starter-logging-2.7.0.jar;D:\java\apache-maven-3.6.3\maven-repo\ch\qos\logback\logback-classic\1.2.11\logback-classic-1.2.11.jar;D:\java\apache-maven-3.6.3\maven-repo\ch\qos\logback\logback-core\1.2.11\logback-core-1.2.11.jar;D:\java\apache-maven-3.6.3\maven-repo\org\apache\logging\log4j\log4j-to-slf4j\2.17.2\log4j-to-slf4j-2.17.2.jar;D:\java\apache-maven-3.6.3\maven-repo\org\apache\logging\log4j\log4j-api\2.17.2\log4j-api-2.17.2.jar;D:\java\apache-maven-3.6.3\maven-repo\org\slf4j\jul-to-slf4j\1.7.36\jul-to-slf4j-1.7.36.jar;D:\java\apache-maven-3.6.3\maven-repo\jakarta\annotation\jakarta.annotation-api\1.3.5\jakarta.annotation-api-1.3.5.jar;D:\java\apache-maven-3.6.3\maven-repo\org\yaml\snakeyaml\1.30\snakeyaml-1.30.jar;D:\java\apache-maven-3.6.3\maven-repo\org\springframework\boot\spring-boot-starter-json\2.7.0\spring-boot-starter-json-2.7.0.jar;D:\java\apache-maven-3.6.3\maven-repo\com\fasterxml\jackson\core\jackson-databind\2.13.3\jackson-databind-2.13.3.jar;D:\java\apache-maven-3.6.3\maven-repo\com\fasterxml\jackson\core\jackson-annotations\2.13.3\jackson-annotations-2.13.3.jar;D:\java\apache-maven-3.6.3\maven-repo\com\fasterxml\jackson\core\jackson-core\2.13.3\jackson-core-2.13.3.jar;D:\java\apache-maven-3.6.3\maven-repo\com\fasterxml\jackson\datatype\jackson-datatype-jdk8\2.13.3\jackson-datatype-jdk8-2.13.3.jar;D:\java\apache-maven-3.6.3\maven-repo\com\fasterxml\jackson\datatype\jackson-datatype-jsr310\2.13.3\jackson-datatype-jsr310-2.13.3.jar;D:\java\apache-maven-3.6.3\maven-repo\com\fasterxml\jackson\module\jackson-module-parameter-names\2.13.3\jackson-module-parameter-names-2.13.3.jar;D:\java\apache-maven-3.6.3\maven-repo\org\springframework\boot\spring-boot-starter-tomcat\2.7.0\spring-boot-starter-tomcat-2.7.0.jar;D:\java\apache-maven-3.6.3\maven-repo\org\apache\tomcat\embed\tomcat-embed-core\9.0.63\tomcat-embed-core-9.0.63.jar;D:\java\apache-maven-3.6.3\maven-repo\org\apache\tomcat\embed\tomcat-embed-el\9.0.63\tomcat-embed-el-9.0.63.jar;D:\java\apache-maven-3.6.3\maven-repo\org\apache\tomcat\embed\tomcat-embed-websocket\9.0.63\tomcat-embed-websocket-9.0.63.jar;D:\java\apache-maven-3.6.3\maven-repo\org\springframework\spring-web\5.3.20\spring-web-5.3.20.jar;D:\java\apache-maven-3.6.3\maven-repo\org\springframework\spring-beans\5.3.20\spring-beans-5.3.20.jar;D:\java\apache-maven-3.6.3\maven-repo\org\springframework\spring-webmvc\5.3.20\spring-webmvc-5.3.20.jar;D:\java\apache-maven-3.6.3\maven-repo\org\springframework\spring-aop\5.3.20\spring-aop-5.3.20.jar;D:\java\apache-maven-3.6.3\maven-repo\org\springframework\spring-context\5.3.20\spring-context-5.3.20.jar;D:\java\apache-maven-3.6.3\maven-repo\org\springframework\spring-expression\5.3.20\spring-expression-5.3.20.jar;D:\java\apache-maven-3.6.3\maven-repo\org\springframework\boot\spring-boot-devtools\2.7.0\spring-boot-devtools-2.7.0.jar;D:\java\apache-maven-3.6.3\maven-repo\org\springframework\boot\spring-boot\2.7.0\spring-boot-2.7.0.jar;D:\java\apache-maven-3.6.3\maven-repo\org\springframework\boot\spring-boot-autoconfigure\2.7.0\spring-boot-autoconfigure-2.7.0.jar;D:\java\apache-maven-3.6.3\maven-repo\mysql\mysql-connector-java\8.0.29\mysql-connector-java-8.0.29.jar;D:\java\apache-maven-3.6.3\maven-repo\org\projectlombok\lombok\1.18.24\lombok-1.18.24.jar;D:\java\apache-maven-3.6.3\maven-repo\org\springframework\boot\spring-boot-starter-test\2.7.0\spring-boot-starter-test-2.7.0.jar;D:\java\apache-maven-3.6.3\maven-repo\org\springframework\boot\spring-boot-test\2.7.0\spring-boot-test-2.7.0.jar;D:\java\apache-maven-3.6.3\maven-repo\org\springframework\boot\spring-boot-test-autoconfigure\2.7.0\spring-boot-test-autoconfigure-2.7.0.jar;D:\java\apache-maven-3.6.3\maven-repo\com\jayway\jsonpath\json-path\2.7.0\json-path-2.7.0.jar;D:\java\apache-maven-3.6.3\maven-repo\net\minidev\json-smart\2.4.8\json-smart-2.4.8.jar;D:\java\apache-maven-3.6.3\maven-repo\net\minidev\accessors-smart\2.4.8\accessors-smart-2.4.8.jar;D:\java\apache-maven-3.6.3\maven-repo\org\ow2\asm\asm\9.1\asm-9.1.jar;D:\java\apache-maven-3.6.3\maven-repo\jakarta\xml\bind\jakarta.xml.bind-api\2.3.3\jakarta.xml.bind-api-2.3.3.jar;D:\java\apache-maven-3.6.3\maven-repo\jakarta\activation\jakarta.activation-api\1.2.2\jakarta.activation-api-1.2.2.jar;D:\java\apache-maven-3.6.3\maven-repo\org\assertj\assertj-core\3.22.0\assertj-core-3.22.0.jar;D:\java\apache-maven-3.6.3\maven-repo\org\hamcrest\hamcrest\2.2\hamcrest-2.2.jar;D:\java\apache-maven-3.6.3\maven-repo\org\junit\jupiter\junit-jupiter\5.8.2\junit-jupiter-5.8.2.jar;D:\java\apache-maven-3.6.3\maven-repo\org\junit\jupiter\junit-jupiter-api\5.8.2\junit-jupiter-api-5.8.2.jar;D:\java\apache-maven-3.6.3\maven-repo\org\opentest4j\opentest4j\1.2.0\opentest4j-1.2.0.jar;D:\java\apache-maven-3.6.3\maven-repo\org\junit\platform\junit-platform-commons\1.8.2\junit-platform-commons-1.8.2.jar;D:\java\apache-maven-3.6.3\maven-repo\org\apiguardian\apiguardian-api\1.1.2\apiguardian-api-1.1.2.jar;D:\java\apache-maven-3.6.3\maven-repo\org\junit\jupiter\junit-jupiter-params\5.8.2\junit-jupiter-params-5.8.2.jar;D:\java\apache-maven-3.6.3\maven-repo\org\junit\jupiter\junit-jupiter-engine\5.8.2\junit-jupiter-engine-5.8.2.jar;D:\java\apache-maven-3.6.3\maven-repo\org\junit\platform\junit-platform-engine\1.8.2\junit-platform-engine-1.8.2.jar;D:\java\apache-maven-3.6.3\maven-repo\org\mockito\mockito-core\4.5.1\mockito-core-4.5.1.jar;D:\java\apache-maven-3.6.3\maven-repo\net\bytebuddy\byte-buddy\1.12.10\byte-buddy-1.12.10.jar;D:\java\apache-maven-3.6.3\maven-repo\net\bytebuddy\byte-buddy-agent\1.12.10\byte-buddy-agent-1.12.10.jar;D:\java\apache-maven-3.6.3\maven-repo\org\objenesis\objenesis\3.2\objenesis-3.2.jar;D:\java\apache-maven-3.6.3\maven-repo\org\mockito\mockito-junit-jupiter\4.5.1\mockito-junit-jupiter-4.5.1.jar;D:\java\apache-maven-3.6.3\maven-repo\org\skyscreamer\jsonassert\1.5.0\jsonassert-1.5.0.jar;D:\java\apache-maven-3.6.3\maven-repo\com\vaadin\external\google\android-json\0.0.20131108.vaadin1\android-json-0.0.20131108.vaadin1.jar;D:\java\apache-maven-3.6.3\maven-repo\org\springframework\spring-core\5.3.20\spring-core-5.3.20.jar;D:\java\apache-maven-3.6.3\maven-repo\org\springframework\spring-jcl\5.3.20\spring-jcl-5.3.20.jar;D:\java\apache-maven-3.6.3\maven-repo\org\springframework\spring-test\5.3.20\spring-test-5.3.20.jar;D:\java\apache-maven-3.6.3\maven-repo\org\xmlunit\xmlunit-core\2.9.0\xmlunit-core-2.9.0.jar;D:\java\apache-maven-3.6.3\maven-repo\com\baomidou\mybatis-plus-boot-starter\3.5.2\mybatis-plus-boot-starter-3.5.2.jar;D:\java\apache-maven-3.6.3\maven-repo\com\baomidou\mybatis-plus\3.5.2\mybatis-plus-3.5.2.jar;D:\java\apache-maven-3.6.3\maven-repo\com\baomidou\mybatis-plus-extension\3.5.2\mybatis-plus-extension-3.5.2.jar;D:\java\apache-maven-3.6.3\maven-repo\com\baomidou\mybatis-plus-core\3.5.2\mybatis-plus-core-3.5.2.jar;D:\java\apache-maven-3.6.3\maven-repo\com\baomidou\mybatis-plus-annotation\3.5.2\mybatis-plus-annotation-3.5.2.jar;D:\java\apache-maven-3.6.3\maven-repo\com\github\jsqlparser\jsqlparser\4.4\jsqlparser-4.4.jar;D:\java\apache-maven-3.6.3\maven-repo\org\mybatis\mybatis\3.5.10\mybatis-3.5.10.jar;D:\java\apache-maven-3.6.3\maven-repo\org\mybatis\mybatis-spring\2.0.7\mybatis-spring-2.0.7.jar;D:\java\apache-maven-3.6.3\maven-repo\org\jetbrains\kotlin\kotlin-stdlib-jdk8\1.6.21\kotlin-stdlib-jdk8-1.6.21.jar;D:\java\apache-maven-3.6.3\maven-repo\org\jetbrains\kotlin\kotlin-stdlib\1.6.21\kotlin-stdlib-1.6.21.jar;D:\java\apache-maven-3.6.3\maven-repo\org\jetbrains\kotlin\kotlin-stdlib-common\1.6.21\kotlin-stdlib-common-1.6.21.jar;D:\java\apache-maven-3.6.3\maven-repo\org\jetbrains\annotations\13.0\annotations-13.0.jar;D:\java\apache-maven-3.6.3\maven-repo\org\jetbrains\kotlin\kotlin-stdlib-jdk7\1.6.21\kotlin-stdlib-jdk7-1.6.21.jar;D:\java\apache-maven-3.6.3\maven-repo\org\springframework\boot\spring-boot-starter-jdbc\2.7.0\spring-boot-starter-jdbc-2.7.0.jar;D:\java\apache-maven-3.6.3\maven-repo\com\zaxxer\HikariCP\4.0.3\HikariCP-4.0.3.jar;D:\java\apache-maven-3.6.3\maven-repo\org\springframework\spring-jdbc\5.3.20\spring-jdbc-5.3.20.jar;D:\java\apache-maven-3.6.3\maven-repo\org\springframework\spring-tx\5.3.20\spring-tx-5.3.20.jar;D:\java\apache-maven-3.6.3\maven-repo\com\baomidou\mybatis-plus-generator\3.5.2\mybatis-plus-generator-3.5.2.jar;D:\java\apache-maven-3.6.3\maven-repo\org\apache\velocity\velocity-engine-core\2.3\velocity-engine-core-2.3.jar;D:\java\apache-maven-3.6.3\maven-repo\org\apache\commons\commons-lang3\3.12.0\commons-lang3-3.12.0.jar;D:\java\apache-maven-3.6.3\maven-repo\org\slf4j\slf4j-api\1.7.36\slf4j-api-1.7.36.jar;D:\java\apache-maven-3.6.3\maven-repo\org\springframework\boot\spring-boot-starter-thymeleaf\2.7.0\spring-boot-starter-thymeleaf-2.7.0.jar;D:\java\apache-maven-3.6.3\maven-repo\org\thymeleaf\thymeleaf-spring5\3.0.15.RELEASE\thymeleaf-spring5-3.0.15.RELEASE.jar;D:\java\apache-maven-3.6.3\maven-repo\org\thymeleaf\thymeleaf\3.0.15.RELEASE\thymeleaf-3.0.15.RELEASE.jar;D:\java\apache-maven-3.6.3\maven-repo\org\attoparser\attoparser\2.0.5.RELEASE\attoparser-2.0.5.RELEASE.jar;D:\java\apache-maven-3.6.3\maven-repo\org\unbescape\unbescape\1.1.6.RELEASE\unbescape-1.1.6.RELEASE.jar;D:\java\apache-maven-3.6.3\maven-repo\org\thymeleaf\extras\thymeleaf-extras-java8time\3.0.4.RELEASE\thymeleaf-extras-java8time-3.0.4.RELEASE.jar;"/>
    <property name="sun.cpu.endian" value="little"/>
    <property name="user.home" value="C:\Users\hp"/>
    <property name="user.language" value="zh"/>
    <property name="java.specification.vendor" value="Oracle Corporation"/>
    <property name="java.home" value="D:\Java\jdk1.8\jre"/>
    <property name="basedir" value="F:\cccccccc\demox"/>
    <property name="file.separator" value="\"/>
    <property name="line.separator" value="&#10;"/>
    <property name="java.vm.specification.vendor" value="Oracle Corporation"/>
    <property name="java.specification.name" value="Java Platform API Specification"/>
    <property name="java.awt.graphicsenv" value="sun.awt.Win32GraphicsEnvironment"/>
    <property name="surefire.real.class.path" value="D:\temp\User\surefire842643527675584293\surefirebooter4436928674560998143.jar"/>
    <property name="sun.boot.class.path" value="D:\Java\jdk1.8\jre\lib\resources.jar;D:\Java\jdk1.8\jre\lib\rt.jar;D:\Java\jdk1.8\jre\lib\sunrsasign.jar;D:\Java\jdk1.8\jre\lib\jsse.jar;D:\Java\jdk1.8\jre\lib\jce.jar;D:\Java\jdk1.8\jre\lib\charsets.jar;D:\Java\jdk1.8\jre\lib\jfr.jar;D:\Java\jdk1.8\jre\classes"/>
    <property name="user.script" value=""/>
    <property name="sun.management.compiler" value="HotSpot 64-Bit Tiered Compilers"/>
    <property name="java.runtime.version" value="1.8.0_332-b08"/>
    <property name="user.name" value="hp"/>
    <property name="path.separator" value=";"/>
    <property name="os.version" value="10.0"/>
    <property name="java.endorsed.dirs" value="D:\Java\jdk1.8\jre\lib\endorsed"/>
    <property name="java.runtime.name" value="OpenJDK Runtime Environment"/>
    <property name="file.encoding" value="GBK"/>
    <property name="java.vm.name" value="OpenJDK 64-Bit Server VM"/>
    <property name="localRepository" value="D:\java\apache-maven-3.6.3\maven-repo"/>
    <property name="java.vendor.url.bug" value="https://github.com/corretto/corretto-8/issues/"/>
    <property name="java.io.tmpdir" value="D:\temp\User\"/>
    <property name="idea.version" value="2021.1.3"/>
    <property name="java.version" value="1.8.0_332"/>
    <property name="user.dir" value="F:\cccccccc\demox"/>
    <property name="os.arch" value="amd64"/>
    <property name="java.vm.specification.name" value="Java Virtual Machine Specification"/>
    <property name="java.awt.printerjob" value="sun.awt.windows.WPrinterJob"/>
    <property name="sun.os.patch.level" value=""/>
    <property name="java.library.path" value="D:\Java\jdk1.8\jre\bin;C:\WINDOWS\Sun\Java\bin;C:\WINDOWS\system32;C:\WINDOWS;F:\python\Anaconda3\condabin;C:\Program Files\NVIDIA GPU Computing Toolkit\CUDA\v11.1\bin;C:\Program Files\NVIDIA GPU Computing Toolkit\CUDA\v11.1\libnvvp;C:\Program Files (x86)\Intel\Intel(R) Management Engine Components\iCLS\;C:\Program Files\Intel\Intel(R) Management Engine Components\iCLS\;C:\windows\system32;C:\windows;C:\windows\System32\Wbem;C:\windows\System32\WindowsPowerShell\v1.0\;C:\windows\System32\OpenSSH\;C:\Program Files (x86)\NVIDIA Corporation\PhysX\Common;C:\Program Files\Intel\WiFi\bin\;C:\Program Files\Common Files\Intel\WirelessCommon\;C:\Program Files (x86)\Intel\Intel(R) Management Engine Components\DAL;C:\Program Files\Intel\Intel(R) Management Engine Components\DAL;C:\WINDOWS\system32;C:\WINDOWS;C:\WINDOWS\System32\Wbem;C:\WINDOWS\System32\WindowsPowerShell\v1.0\;C:\WINDOWS\System32\OpenSSH\;D:\Git\cmd;D:\Program Files\nodejs;C:\WINDOWS\system32;C:\WINDOWS;C:\WINDOWS\System32\Wbem;C:\WINDOWS\System32\WindowsPowerShell\v1.0\;C:\WINDOWS\System32\OpenSSH\;C:\Program Files\Microsoft SQL Server\130\Tools\Binn\;C:\Program Files\Git\cmd;&quot;%CUDA_LIB_PATH%;%CUDA_BIN_PATH%;%CUDA_SDK_LIB_PATH%;%CUDA_SDK_BIN_PATH%;&quot;;C:\Program Files\NVIDIA GPU Computing Toolkit\CUDA\v10.2\lib\x64;C:\Program Files\NVIDIA GPU Computing Toolkit\CUDA\v10.2\include;C:\Program Files\NVIDIA GPU Computing Toolkit\CUDA\v10.2\extras\CUPTI\lib64;C:\ProgramData\NVIDIA Corporation\CUDA Samples\v10.2\bin\win64;C:\ProgramData\NVIDIA Corporation\CUDA Samples\v10.2\common\lib\x64;D:\Graduation Project\opencv\build\x64\vc14\bin;C:\Program Files\NVIDIA Corporation\Nsight Compute 2020.2.1\;D:\Program Files\NoteBook FanControl\;C:\Program Files\NVIDIA Corporation\NVIDIA NvDLISR;D:\java\apache-maven-3.6.3\bin;&quot;D:\java\apache-tomcat-10.0.22\lib;D:\java\apache-tomcat-10.0.22\bin&quot;;C:\Program Files\MySQL\MySQL Server 5.7\bin;D:\java\redis3.0\;D:\Program Files\nodejs\;C:\Users\hp\AppData\Local\Programs\Python\Python37-32\Scripts\;C:\Users\hp\AppData\Local\Programs\Python\Python37-32\;C:\Users\hp\AppData\Local\Programs\Python\Python38-32\Scripts\;C:\Users\hp\AppData\Local\Programs\Python\Python38-32\;C:\Users\hp\AppData\Local\Microsoft\WindowsApps;D:\Microsoft VS Code\bin;C:\Program Files\Bandizip\;D:\java\jdk-12.0.2\bin;D:\Program Files (x86)\PyCharm Community Edition 2021.2.3\bin;;G:\cccccccc\MinGW\bin;C:\Users\hp\.dotnet\tools;C:\Users\hp\AppData\Local\Programs\Python\Python37-32\Lib\site-packages\django;C:\Users\hp\AppData\Local\Programs\Python\Python37-32\Scripts;C:\Program Files\MySQL\MySQL Server 5.5\bin;F:\python\Anaconda3;F:\python\Anaconda3\Scripts;;D:\Program Files\JetBrains\IntelliJ IDEA Community Edition 2022.1.2\bin;;D:\Program Files (x86)\Microsoft VS Code\bin;D:\Program Files\JetBrains\IntelliJ IDEA 2021.1.3\bin;;C:\Users\hp\AppData\Roaming\npm;."/>
    <property name="java.vm.info" value="mixed mode"/>
    <property name="java.vendor" value="Amazon.com Inc."/>
    <property name="java.vm.version" value="25.332-b08"/>
    <property name="java.ext.dirs" value="D:\Java\jdk1.8\jre\lib\ext;C:\WINDOWS\Sun\Java\lib\ext"/>
    <property name="sun.io.unicode.encoding" value="UnicodeLittle"/>
    <property name="maven.repo.local" value="D:\java\apache-maven-3.6.3\maven-repo"/>
    <property name="java.class.version" value="52.0"/>
  </properties>
  <testcase name="contextLoads" classname="com.zzf.demox.DemoxApplicationTests" time="0.52"/>
</testsuite>